  CarParkingSystem.c
c:\users\ken15\documents\visual studio 2017\projects\bg1221computerprogrammingforengineering\bg1221project\carparkingsystem\carparkingsystem.c(42): warning C4996: 'fopen': This function or variable may be unsafe. Consider using fopen_s instead. To disable deprecation, use _CRT_SECURE_NO_WARNINGS. See online help for details.
  c:\program files (x86)\windows kits\10\include\10.0.14393.0\ucrt\stdio.h(207): note: see declaration of 'fopen'
c:\users\ken15\documents\visual studio 2017\projects\bg1221computerprogrammingforengineering\bg1221project\carparkingsystem\carparkingsystem.c(81): warning C4047: 'return': 'int' differs in levels of indirection from 'int [6]'
c:\users\ken15\documents\visual studio 2017\projects\bg1221computerprogrammingforengineering\bg1221project\carparkingsystem\carparkingsystem.c(69): warning C4996: 'localtime': This function or variable may be unsafe. Consider using localtime_s instead. To disable deprecation, use _CRT_SECURE_NO_WARNINGS. See online help for details.
  c:\program files (x86)\windows kits\10\include\10.0.14393.0\ucrt\time.h(505): note: see declaration of 'localtime'
c:\users\ken15\documents\visual studio 2017\projects\bg1221computerprogrammingforengineering\bg1221project\carparkingsystem\carparkingsystem.c(126): warning C4047: '=': 'int *' differs in levels of indirection from 'int'
c:\users\ken15\documents\visual studio 2017\projects\bg1221computerprogrammingforengineering\bg1221project\carparkingsystem\carparkingsystem.c(94): warning C4996: 'fopen': This function or variable may be unsafe. Consider using fopen_s instead. To disable deprecation, use _CRT_SECURE_NO_WARNINGS. See online help for details.
  c:\program files (x86)\windows kits\10\include\10.0.14393.0\ucrt\stdio.h(207): note: see declaration of 'fopen'
c:\users\ken15\documents\visual studio 2017\projects\bg1221computerprogrammingforengineering\bg1221project\carparkingsystem\carparkingsystem.c(99): warning C4996: 'fscanf': This function or variable may be unsafe. Consider using fscanf_s instead. To disable deprecation, use _CRT_SECURE_NO_WARNINGS. See online help for details.
  c:\program files (x86)\windows kits\10\include\10.0.14393.0\ucrt\stdio.h(1192): note: see declaration of 'fscanf'
c:\users\ken15\documents\visual studio 2017\projects\bg1221computerprogrammingforengineering\bg1221project\carparkingsystem\carparkingsystem.c(104): warning C4996: 'fscanf': This function or variable may be unsafe. Consider using fscanf_s instead. To disable deprecation, use _CRT_SECURE_NO_WARNINGS. See online help for details.
  c:\program files (x86)\windows kits\10\include\10.0.14393.0\ucrt\stdio.h(1192): note: see declaration of 'fscanf'
c:\users\ken15\documents\visual studio 2017\projects\bg1221computerprogrammingforengineering\bg1221project\carparkingsystem\carparkingsystem.c(109): warning C4996: 'fscanf': This function or variable may be unsafe. Consider using fscanf_s instead. To disable deprecation, use _CRT_SECURE_NO_WARNINGS. See online help for details.
  c:\program files (x86)\windows kits\10\include\10.0.14393.0\ucrt\stdio.h(1192): note: see declaration of 'fscanf'
c:\users\ken15\documents\visual studio 2017\projects\bg1221computerprogrammingforengineering\bg1221project\carparkingsystem\carparkingsystem.c(112): warning C4996: 'fscanf': This function or variable may be unsafe. Consider using fscanf_s instead. To disable deprecation, use _CRT_SECURE_NO_WARNINGS. See online help for details.
  c:\program files (x86)\windows kits\10\include\10.0.14393.0\ucrt\stdio.h(1192): note: see declaration of 'fscanf'
c:\users\ken15\documents\visual studio 2017\projects\bg1221computerprogrammingforengineering\bg1221project\carparkingsystem\carparkingsystem.c(132): warning C4996: 'fopen': This function or variable may be unsafe. Consider using fopen_s instead. To disable deprecation, use _CRT_SECURE_NO_WARNINGS. See online help for details.
  c:\program files (x86)\windows kits\10\include\10.0.14393.0\ucrt\stdio.h(207): note: see declaration of 'fopen'
c:\users\ken15\documents\visual studio 2017\projects\bg1221computerprogrammingforengineering\bg1221project\carparkingsystem\carparkingsystem.c(84): warning C4101: 'floor': unreferenced local variable
c:\users\ken15\documents\visual studio 2017\projects\bg1221computerprogrammingforengineering\bg1221project\carparkingsystem\carparkingsystem.c(156): warning C4996: 'scanf': This function or variable may be unsafe. Consider using scanf_s instead. To disable deprecation, use _CRT_SECURE_NO_WARNINGS. See online help for details.
  c:\program files (x86)\windows kits\10\include\10.0.14393.0\ucrt\stdio.h(1269): note: see declaration of 'scanf'
c:\users\ken15\documents\visual studio 2017\projects\bg1221computerprogrammingforengineering\bg1221project\carparkingsystem\carparkingsystem.c(161): warning C4996: 'scanf': This function or variable may be unsafe. Consider using scanf_s instead. To disable deprecation, use _CRT_SECURE_NO_WARNINGS. See online help for details.
  c:\program files (x86)\windows kits\10\include\10.0.14393.0\ucrt\stdio.h(1269): note: see declaration of 'scanf'
c:\users\ken15\documents\visual studio 2017\projects\bg1221computerprogrammingforengineering\bg1221project\carparkingsystem\carparkingsystem.c(169): warning C4996: 'scanf': This function or variable may be unsafe. Consider using scanf_s instead. To disable deprecation, use _CRT_SECURE_NO_WARNINGS. See online help for details.
  c:\program files (x86)\windows kits\10\include\10.0.14393.0\ucrt\stdio.h(1269): note: see declaration of 'scanf'
c:\users\ken15\documents\visual studio 2017\projects\bg1221computerprogrammingforengineering\bg1221project\carparkingsystem\carparkingsystem.c(177): warning C4996: 'scanf': This function or variable may be unsafe. Consider using scanf_s instead. To disable deprecation, use _CRT_SECURE_NO_WARNINGS. See online help for details.
  c:\program files (x86)\windows kits\10\include\10.0.14393.0\ucrt\stdio.h(1269): note: see declaration of 'scanf'
c:\users\ken15\documents\visual studio 2017\projects\bg1221computerprogrammingforengineering\bg1221project\carparkingsystem\carparkingsystem.c(180): warning C4996: 'scanf': This function or variable may be unsafe. Consider using scanf_s instead. To disable deprecation, use _CRT_SECURE_NO_WARNINGS. See online help for details.
  c:\program files (x86)\windows kits\10\include\10.0.14393.0\ucrt\stdio.h(1269): note: see declaration of 'scanf'
c:\users\ken15\documents\visual studio 2017\projects\bg1221computerprogrammingforengineering\bg1221project\carparkingsystem\carparkingsystem.c(211): warning C4047: 'return': 'int' differs in levels of indirection from 'int [100]'
c:\users\ken15\documents\visual studio 2017\projects\bg1221computerprogrammingforengineering\bg1221project\carparkingsystem\carparkingsystem.c(198): warning C4996: 'scanf': This function or variable may be unsafe. Consider using scanf_s instead. To disable deprecation, use _CRT_SECURE_NO_WARNINGS. See online help for details.
  c:\program files (x86)\windows kits\10\include\10.0.14393.0\ucrt\stdio.h(1269): note: see declaration of 'scanf'
c:\users\ken15\documents\visual studio 2017\projects\bg1221computerprogrammingforengineering\bg1221project\carparkingsystem\carparkingsystem.c(202): warning C4996: 'scanf': This function or variable may be unsafe. Consider using scanf_s instead. To disable deprecation, use _CRT_SECURE_NO_WARNINGS. See online help for details.
  c:\program files (x86)\windows kits\10\include\10.0.14393.0\ucrt\stdio.h(1269): note: see declaration of 'scanf'
c:\users\ken15\documents\visual studio 2017\projects\bg1221computerprogrammingforengineering\bg1221project\carparkingsystem\carparkingsystem.c(207): warning C4996: 'scanf': This function or variable may be unsafe. Consider using scanf_s instead. To disable deprecation, use _CRT_SECURE_NO_WARNINGS. See online help for details.
  c:\program files (x86)\windows kits\10\include\10.0.14393.0\ucrt\stdio.h(1269): note: see declaration of 'scanf'
c:\users\ken15\documents\visual studio 2017\projects\bg1221computerprogrammingforengineering\bg1221project\carparkingsystem\carparkingsystem.c(225): warning C4996: 'scanf': This function or variable may be unsafe. Consider using scanf_s instead. To disable deprecation, use _CRT_SECURE_NO_WARNINGS. See online help for details.
  c:\program files (x86)\windows kits\10\include\10.0.14393.0\ucrt\stdio.h(1269): note: see declaration of 'scanf'
c:\users\ken15\documents\visual studio 2017\projects\bg1221computerprogrammingforengineering\bg1221project\carparkingsystem\carparkingsystem.c(230): warning C4996: 'scanf': This function or variable may be unsafe. Consider using scanf_s instead. To disable deprecation, use _CRT_SECURE_NO_WARNINGS. See online help for details.
  c:\program files (x86)\windows kits\10\include\10.0.14393.0\ucrt\stdio.h(1269): note: see declaration of 'scanf'
c:\users\ken15\documents\visual studio 2017\projects\bg1221computerprogrammingforengineering\bg1221project\carparkingsystem\carparkingsystem.c(276): warning C4047: '=': 'int *' differs in levels of indirection from 'int'
c:\users\ken15\documents\visual studio 2017\projects\bg1221computerprogrammingforengineering\bg1221project\carparkingsystem\carparkingsystem.c(251): warning C4996: 'scanf': This function or variable may be unsafe. Consider using scanf_s instead. To disable deprecation, use _CRT_SECURE_NO_WARNINGS. See online help for details.
  c:\program files (x86)\windows kits\10\include\10.0.14393.0\ucrt\stdio.h(1269): note: see declaration of 'scanf'
c:\users\ken15\documents\visual studio 2017\projects\bg1221computerprogrammingforengineering\bg1221project\carparkingsystem\carparkingsystem.c(256): warning C4996: 'scanf': This function or variable may be unsafe. Consider using scanf_s instead. To disable deprecation, use _CRT_SECURE_NO_WARNINGS. See online help for details.
  c:\program files (x86)\windows kits\10\include\10.0.14393.0\ucrt\stdio.h(1269): note: see declaration of 'scanf'
c:\users\ken15\documents\visual studio 2017\projects\bg1221computerprogrammingforengineering\bg1221project\carparkingsystem\carparkingsystem.c(260): warning C4996: 'scanf': This function or variable may be unsafe. Consider using scanf_s instead. To disable deprecation, use _CRT_SECURE_NO_WARNINGS. See online help for details.
  c:\program files (x86)\windows kits\10\include\10.0.14393.0\ucrt\stdio.h(1269): note: see declaration of 'scanf'
c:\users\ken15\documents\visual studio 2017\projects\bg1221computerprogrammingforengineering\bg1221project\carparkingsystem\carparkingsystem.c(270): warning C4996: 'scanf': This function or variable may be unsafe. Consider using scanf_s instead. To disable deprecation, use _CRT_SECURE_NO_WARNINGS. See online help for details.
  c:\program files (x86)\windows kits\10\include\10.0.14393.0\ucrt\stdio.h(1269): note: see declaration of 'scanf'
c:\users\ken15\documents\visual studio 2017\projects\bg1221computerprogrammingforengineering\bg1221project\carparkingsystem\carparkingsystem.c(300): warning C4996: 'scanf': This function or variable may be unsafe. Consider using scanf_s instead. To disable deprecation, use _CRT_SECURE_NO_WARNINGS. See online help for details.
  c:\program files (x86)\windows kits\10\include\10.0.14393.0\ucrt\stdio.h(1269): note: see declaration of 'scanf'
c:\users\ken15\documents\visual studio 2017\projects\bg1221computerprogrammingforengineering\bg1221project\carparkingsystem\carparkingsystem.c(344): warning C4047: '=': 'int *' differs in levels of indirection from 'int'
c:\users\ken15\documents\visual studio 2017\projects\bg1221computerprogrammingforengineering\bg1221project\carparkingsystem\carparkingsystem.c(324): warning C4996: 'scanf': This function or variable may be unsafe. Consider using scanf_s instead. To disable deprecation, use _CRT_SECURE_NO_WARNINGS. See online help for details.
  c:\program files (x86)\windows kits\10\include\10.0.14393.0\ucrt\stdio.h(1269): note: see declaration of 'scanf'
c:\users\ken15\documents\visual studio 2017\projects\bg1221computerprogrammingforengineering\bg1221project\carparkingsystem\carparkingsystem.c(354): warning C4996: 'fopen': This function or variable may be unsafe. Consider using fopen_s instead. To disable deprecation, use _CRT_SECURE_NO_WARNINGS. See online help for details.
  c:\program files (x86)\windows kits\10\include\10.0.14393.0\ucrt\stdio.h(207): note: see declaration of 'fopen'
c:\users\ken15\documents\visual studio 2017\projects\bg1221computerprogrammingforengineering\bg1221project\carparkingsystem\carparkingsystem.c(389): warning C4996: 'scanf': This function or variable may be unsafe. Consider using scanf_s instead. To disable deprecation, use _CRT_SECURE_NO_WARNINGS. See online help for details.
  c:\program files (x86)\windows kits\10\include\10.0.14393.0\ucrt\stdio.h(1269): note: see declaration of 'scanf'
c:\users\ken15\documents\visual studio 2017\projects\bg1221computerprogrammingforengineering\bg1221project\carparkingsystem\carparkingsystem.c(394): warning C4996: 'scanf': This function or variable may be unsafe. Consider using scanf_s instead. To disable deprecation, use _CRT_SECURE_NO_WARNINGS. See online help for details.
  c:\program files (x86)\windows kits\10\include\10.0.14393.0\ucrt\stdio.h(1269): note: see declaration of 'scanf'
c:\users\ken15\documents\visual studio 2017\projects\bg1221computerprogrammingforengineering\bg1221project\carparkingsystem\carparkingsystem.c(403): warning C4996: 'scanf': This function or variable may be unsafe. Consider using scanf_s instead. To disable deprecation, use _CRT_SECURE_NO_WARNINGS. See online help for details.
  c:\program files (x86)\windows kits\10\include\10.0.14393.0\ucrt\stdio.h(1269): note: see declaration of 'scanf'
c:\users\ken15\documents\visual studio 2017\projects\bg1221computerprogrammingforengineering\bg1221project\carparkingsystem\carparkingsystem.c(434): warning C4996: 'fopen': This function or variable may be unsafe. Consider using fopen_s instead. To disable deprecation, use _CRT_SECURE_NO_WARNINGS. See online help for details.
  c:\program files (x86)\windows kits\10\include\10.0.14393.0\ucrt\stdio.h(207): note: see declaration of 'fopen'
c:\users\ken15\documents\visual studio 2017\projects\bg1221computerprogrammingforengineering\bg1221project\carparkingsystem\carparkingsystem.c(482): warning C4996: 'scanf': This function or variable may be unsafe. Consider using scanf_s instead. To disable deprecation, use _CRT_SECURE_NO_WARNINGS. See online help for details.
  c:\program files (x86)\windows kits\10\include\10.0.14393.0\ucrt\stdio.h(1269): note: see declaration of 'scanf'
c:\users\ken15\documents\visual studio 2017\projects\bg1221computerprogrammingforengineering\bg1221project\carparkingsystem\carparkingsystem.c(486): warning C4996: 'scanf': This function or variable may be unsafe. Consider using scanf_s instead. To disable deprecation, use _CRT_SECURE_NO_WARNINGS. See online help for details.
  c:\program files (x86)\windows kits\10\include\10.0.14393.0\ucrt\stdio.h(1269): note: see declaration of 'scanf'
c:\users\ken15\documents\visual studio 2017\projects\bg1221computerprogrammingforengineering\bg1221project\carparkingsystem\carparkingsystem.c(546): warning C4047: '=': 'int *' differs in levels of indirection from 'int'
c:\users\ken15\documents\visual studio 2017\projects\bg1221computerprogrammingforengineering\bg1221project\carparkingsystem\carparkingsystem.c(523): warning C4996: 'scanf': This function or variable may be unsafe. Consider using scanf_s instead. To disable deprecation, use _CRT_SECURE_NO_WARNINGS. See online help for details.
  c:\program files (x86)\windows kits\10\include\10.0.14393.0\ucrt\stdio.h(1269): note: see declaration of 'scanf'
c:\users\ken15\documents\visual studio 2017\projects\bg1221computerprogrammingforengineering\bg1221project\carparkingsystem\carparkingsystem.c(536): warning C4996: 'scanf': This function or variable may be unsafe. Consider using scanf_s instead. To disable deprecation, use _CRT_SECURE_NO_WARNINGS. See online help for details.
  c:\program files (x86)\windows kits\10\include\10.0.14393.0\ucrt\stdio.h(1269): note: see declaration of 'scanf'
c:\users\ken15\documents\visual studio 2017\projects\bg1221computerprogrammingforengineering\bg1221project\carparkingsystem\carparkingsystem.c(511): warning C4101: 'countAddLotFree': unreferenced local variable
c:\users\ken15\documents\visual studio 2017\projects\bg1221computerprogrammingforengineering\bg1221project\carparkingsystem\carparkingsystem.c(513): warning C4101: 'rateCalCount': unreferenced local variable
c:\users\ken15\documents\visual studio 2017\projects\bg1221computerprogrammingforengineering\bg1221project\carparkingsystem\carparkingsystem.c(618): warning C4047: '=': 'int *' differs in levels of indirection from 'int'
c:\users\ken15\documents\visual studio 2017\projects\bg1221computerprogrammingforengineering\bg1221project\carparkingsystem\carparkingsystem.c(625): warning C4013: 'strcat' undefined; assuming extern returning int
c:\users\ken15\documents\visual studio 2017\projects\bg1221computerprogrammingforengineering\bg1221project\carparkingsystem\carparkingsystem.c(624): warning C4996: 'sprintf': This function or variable may be unsafe. Consider using sprintf_s instead. To disable deprecation, use _CRT_SECURE_NO_WARNINGS. See online help for details.
  c:\program files (x86)\windows kits\10\include\10.0.14393.0\ucrt\stdio.h(1769): note: see declaration of 'sprintf'
c:\users\ken15\documents\visual studio 2017\projects\bg1221computerprogrammingforengineering\bg1221project\carparkingsystem\carparkingsystem.c(629): warning C4996: 'fopen': This function or variable may be unsafe. Consider using fopen_s instead. To disable deprecation, use _CRT_SECURE_NO_WARNINGS. See online help for details.
  c:\program files (x86)\windows kits\10\include\10.0.14393.0\ucrt\stdio.h(207): note: see declaration of 'fopen'
c:\users\ken15\documents\visual studio 2017\projects\bg1221computerprogrammingforengineering\bg1221project\carparkingsystem\carparkingsystem.c(681): warning C4047: '=': 'int *' differs in levels of indirection from 'int'
c:\users\ken15\documents\visual studio 2017\projects\bg1221computerprogrammingforengineering\bg1221project\carparkingsystem\carparkingsystem.c(81): warning C4172: returning address of local variable or temporary: timeArray
  CarParkingSystem.vcxproj -> C:\Users\ken15\Documents\Visual Studio 2017\Projects\BG1221ComputerProgrammingForEngineering\BG1221Project\Debug\CarParkingSystem.exe
  CarParkingSystem.vcxproj -> C:\Users\ken15\Documents\Visual Studio 2017\Projects\BG1221ComputerProgrammingForEngineering\BG1221Project\Debug\CarParkingSystem.pdb (Partial PDB)
